#
# There is insufficient memory for the Java Runtime Environment to continue.
# Native memory allocation (mmap) failed to map 134217728 bytes for G1 virtual space
# Possible reasons:
#   The system is out of physical RAM or swap space
#   The process is running with CompressedOops enabled, and the Java Heap may be blocking the growth of the native heap
# Possible solutions:
#   Reduce memory load on the system
#   Increase physical memory or swap space
#   Check if swap backing store is full
#   Decrease Java heap size (-Xmx/-Xms)
#   Decrease number of Java threads
#   Decrease Java thread stack sizes (-Xss)
#   Set larger code cache with -XX:ReservedCodeCacheSize=
#   JVM is running with Unscaled Compressed Oops mode in which the Java heap is
#     placed in the first 4GB address space. The Java Heap base address is the
#     maximum limit for the native heap growth. Please use -XX:HeapBaseMinAddress
#     to set the Java Heap base and to place the Java Heap above 4GB virtual address.
# This output file may be truncated or incomplete.
#
#  Out of Memory Error (os_windows.cpp:3552), pid=804, tid=13584
#
# JRE version:  (17.0.9+11) (build )
# Java VM: Java HotSpot(TM) 64-Bit Server VM (17.0.9+11-LTS-201, mixed mode, sharing, tiered, compressed oops, compressed class ptrs, g1 gc, windows-amd64)
# No core dump will be written. Minidumps are not enabled by default on client versions of Windows
#

---------------  S U M M A R Y ------------

Command Line: -Dfile.encoding=UTF-8 --module-path=C:\Users\Admin\Documents\New Folder\CCE103JavaProjectSystem\build\classes cce103javaprojectsystem.Dashboard

Host: Intel(R) Core(TM) i5-8250U CPU @ 1.60GHz, 8 cores, 7G,  Windows 11 , 64 bit Build 22000 (10.0.22000.434)
Time: Sun Feb 11 15:14:36 2024 Mountain Standard Time elapsed time: 0.019914 seconds (0d 0h 0m 0s)

---------------  T H R E A D  ---------------

Current thread (0x000001673d380580):  JavaThread "Unknown thread" [_thread_in_vm, id=13584, stack(0x00000013c5400000,0x00000013c5500000)]

Stack: [0x00000013c5400000,0x00000013c5500000]
Native frames: (J=compiled Java code, j=interpreted, Vv=VM code, C=native code)
V  [jvm.dll+0x678a4a]
V  [jvm.dll+0x7d9cfd]
V  [jvm.dll+0x7db60e]
V  [jvm.dll+0x7dbc73]
V  [jvm.dll+0x245e1f]
V  [jvm.dll+0x6758f9]
V  [jvm.dll+0x66a2a2]
V  [jvm.dll+0x303686]
V  [jvm.dll+0x30ac06]
V  [jvm.dll+0x35a48e]
V  [jvm.dll+0x35a6bf]
V  [jvm.dll+0x2da678]
V  [jvm.dll+0x2db5e4]
V  [jvm.dll+0x7ab6b1]
V  [jvm.dll+0x368041]
V  [jvm.dll+0x78a749]
V  [jvm.dll+0x3ebd4f]
V  [jvm.dll+0x3ed7d1]
C  [jli.dll+0x5297]
C  [ucrtbase.dll+0x26c0c]
C  [KERNEL32.DLL+0x154e0]
C  [ntdll.dll+0x485b]


---------------  P R O C E S S  ---------------

Threads class SMR info:
_java_thread_list=0x00007ff929b889d8, length=0, elements={
}

Java Threads: ( => current thread )

Other Threads:
  0x000001673d3db850 GCTaskThread "GC Thread#0" [stack: 0x00000013c5500000,0x00000013c5600000] [id=10784]
  0x000001673d3ed5c0 ConcurrentGCThread "G1 Main Marker" [stack: 0x00000013c5600000,0x00000013c5700000] [id=13380]
  0x000001673d3ee770 ConcurrentGCThread "G1 Conc#0" [stack: 0x00000013c5700000,0x00000013c5800000] [id=11216]

[error occurred during error reporting (printing all threads), id 0xc0000005, EXCEPTION_ACCESS_VIOLATION (0xc0000005) at pc=0x00007ff9293bb2d7]

VM state: not at safepoint (not fully initialized)

VM Mutex/Monitor currently owned by a thread:  ([mutex/lock_event])
[0x000001673d37ac00] Heap_lock - owner thread: 0x000001673d380580

Heap address: 0x0000000081600000, size: 2026 MB, Compressed Oops mode: 32-bit

CDS archive(s) mapped at: [0x0000000000000000-0x0000000000000000-0x0000000000000000), size 0, SharedBaseAddress: 0x0000000800000000, ArchiveRelocationMode: 1.
Narrow klass base: 0x0000000000000000, Narrow klass shift: 0, Narrow klass range: 0x0

GC Precious Log:
<Empty>

Heap:
 garbage-first heap   total 0K, used 0K [0x0000000081600000, 0x0000000100000000)
  region size 1024K, 0 young (0K), 0 survivors (0K)

[error occurred during error reporting (printing heap information), id 0xc0000005, EXCEPTION_ACCESS_VIOLATION (0xc0000005) at pc=0x00007ff9297a2229]

GC Heap History (0 events):
No events

Deoptimization events (0 events):
No events

Classes unloaded (0 events):
No events

Classes redefined (0 events):
No events

Internal exceptions (0 events):
No events

VM Operations (0 events):
No events

Events (1 events):
Event: 0.013 Loaded shared library C:\Program Files\Java\jdk-17\bin\java.dll


Dynamic libraries:
0x00007ff6e8540000 - 0x00007ff6e8550000 	C:\Program Files\Java\jdk-17\bin\java.exe
0x00007ff9c9ce0000 - 0x00007ff9c9ee9000 	C:\Windows\SYSTEM32\ntdll.dll
0x00007ff99adb0000 - 0x00007ff99adc9000 	C:\Program Files\Avast Software\Avast\aswhook.dll
0x00007ff9c8b90000 - 0x00007ff9c8c4d000 	C:\Windows\System32\KERNEL32.DLL
0x00007ff9c7410000 - 0x00007ff9c7784000 	C:\Windows\System32\KERNELBASE.dll
0x00007ff9c7a60000 - 0x00007ff9c7b71000 	C:\Windows\System32\ucrtbase.dll
0x00007ff9bf3f0000 - 0x00007ff9bf40b000 	C:\Program Files\Java\jdk-17\bin\VCRUNTIME140.dll
0x00007ff9bc700000 - 0x00007ff9bc719000 	C:\Program Files\Java\jdk-17\bin\jli.dll
0x00007ff9c8ae0000 - 0x00007ff9c8b8e000 	C:\Windows\System32\ADVAPI32.dll
0x00007ff9c8c80000 - 0x00007ff9c8d23000 	C:\Windows\System32\msvcrt.dll
0x00007ff9c9ad0000 - 0x00007ff9c9b6e000 	C:\Windows\System32\sechost.dll
0x00007ff9c8530000 - 0x00007ff9c8650000 	C:\Windows\System32\RPCRT4.dll
0x00007ff9c9740000 - 0x00007ff9c98ec000 	C:\Windows\System32\USER32.dll
0x00007ff9c73e0000 - 0x00007ff9c7406000 	C:\Windows\System32\win32u.dll
0x00007ff9ac710000 - 0x00007ff9ac9b5000 	C:\Windows\WinSxS\amd64_microsoft.windows.common-controls_6595b64144ccf1df_6.0.22000.120_none_9d947278b86cc467\COMCTL32.dll
0x00007ff9c8c50000 - 0x00007ff9c8c79000 	C:\Windows\System32\GDI32.dll
0x00007ff9c78c0000 - 0x00007ff9c79d2000 	C:\Windows\System32\gdi32full.dll
0x00007ff9c71d0000 - 0x00007ff9c726d000 	C:\Windows\System32\msvcp_win.dll
0x00007ff9c29c0000 - 0x00007ff9c29ca000 	C:\Windows\SYSTEM32\VERSION.dll
0x00007ff9c9a00000 - 0x00007ff9c9a31000 	C:\Windows\System32\IMM32.DLL
0x00007ff9c3a00000 - 0x00007ff9c3a0c000 	C:\Program Files\Java\jdk-17\bin\vcruntime140_1.dll
0x00007ff99bee0000 - 0x00007ff99bf6e000 	C:\Program Files\Java\jdk-17\bin\msvcp140.dll
0x00007ff9290d0000 - 0x00007ff929cb1000 	C:\Program Files\Java\jdk-17\bin\server\jvm.dll
0x00007ff9c8e70000 - 0x00007ff9c8e78000 	C:\Windows\System32\PSAPI.DLL
0x00007ff9ba560000 - 0x00007ff9ba569000 	C:\Windows\SYSTEM32\WSOCK32.dll
0x00007ff9c17d0000 - 0x00007ff9c1803000 	C:\Windows\SYSTEM32\WINMM.dll
0x00007ff9c8a70000 - 0x00007ff9c8adf000 	C:\Windows\System32\WS2_32.dll
0x00007ff9c5180000 - 0x00007ff9c5198000 	C:\Windows\SYSTEM32\kernel.appcore.dll
0x00007ff9c1ad0000 - 0x00007ff9c1ada000 	C:\Program Files\Java\jdk-17\bin\jimage.dll
0x00007ff9c1be0000 - 0x00007ff9c1e01000 	C:\Windows\SYSTEM32\DBGHELP.DLL
0x00007ff9bfc80000 - 0x00007ff9bfcb1000 	C:\Windows\SYSTEM32\dbgcore.DLL
0x00007ff9c79e0000 - 0x00007ff9c7a5f000 	C:\Windows\System32\bcryptPrimitives.dll
0x00007ff9bd440000 - 0x00007ff9bd465000 	C:\Program Files\Java\jdk-17\bin\java.dll

dbghelp: loaded successfully - version: 4.0.5 - missing functions: none
symbol engine: initialized successfully - sym options: 0x614 - pdb path: .;C:\Program Files\Java\jdk-17\bin;C:\Windows\SYSTEM32;C:\Program Files\Avast Software\Avast;C:\Windows\WinSxS\amd64_microsoft.windows.common-controls_6595b64144ccf1df_6.0.22000.120_none_9d947278b86cc467;C:\Program Files\Java\jdk-17\bin\server

VM Arguments:
jvm_args: -Dfile.encoding=UTF-8 --module-path=C:\Users\Admin\Documents\New Folder\CCE103JavaProjectSystem\build\classes 
java_command: cce103javaprojectsystem.Dashboard
java_class_path (initial): C:\Program Files\NetBeans-20\netbeans\java\modules\ext\AbsoluteLayout.jar;C:\Users\Admin\Documents\New Folder\CCE103JavaProjectSystem\build\classes
Launcher Type: SUN_STANDARD

[Global flags]
     intx CICompilerCount                          = 4                                         {product} {ergonomic}
     uint ConcGCThreads                            = 2                                         {product} {ergonomic}
     uint G1ConcRefinementThreads                  = 8                                         {product} {ergonomic}
   size_t G1HeapRegionSize                         = 1048576                                   {product} {ergonomic}
    uintx GCDrainStackTargetSize                   = 64                                        {product} {ergonomic}
   size_t InitialHeapSize                          = 134217728                                 {product} {ergonomic}
   size_t MarkStackSize                            = 4194304                                   {product} {ergonomic}
   size_t MaxHeapSize                              = 2124414976                                {product} {ergonomic}
   size_t MinHeapDeltaBytes                        = 1048576                                   {product} {ergonomic}
   size_t MinHeapSize                              = 8388608                                   {product} {ergonomic}
    uintx NonNMethodCodeHeapSize                   = 5839372                                {pd product} {ergonomic}
    uintx NonProfiledCodeHeapSize                  = 122909434                              {pd product} {ergonomic}
    uintx ProfiledCodeHeapSize                     = 122909434                              {pd product} {ergonomic}
    uintx ReservedCodeCacheSize                    = 251658240                              {pd product} {ergonomic}
     bool SegmentedCodeCache                       = true                                      {product} {ergonomic}
   size_t SoftMaxHeapSize                          = 2124414976                             {manageable} {ergonomic}
     bool UseCompressedClassPointers               = true                           {product lp64_product} {ergonomic}
     bool UseCompressedOops                        = true                           {product lp64_product} {ergonomic}
     bool UseG1GC                                  = true                                      {product} {ergonomic}
     bool UseLargePagesIndividualAllocation        = false                                  {pd product} {ergonomic}

Logging:
Log output configuration:
 #0: stdout all=warning uptime,level,tags
 #1: stderr all=off uptime,level,tags

Environment Variables:
PATH=C:\Program Files\Common Files\Oracle\Java\javapath;C:\Windows\system32;C:\Windows;C:\Windows\System32\Wbem;C:\Windows\System32\WindowsPowerShell\v1.0\;C:\Windows\System32\OpenSSH\;C:\Program Files\Git\cmd;C:\Users\Admin\AppData\Local\Microsoft\WindowsApps;C:\Users\Admin\AppData\Local\Programs\Microsoft VS Code\bin
USERNAME=Admin
OS=Windows_NT
PROCESSOR_IDENTIFIER=Intel64 Family 6 Model 142 Stepping 10, GenuineIntel



---------------  S Y S T E M  ---------------

OS:
 Windows 11 , 64 bit Build 22000 (10.0.22000.434)
OS uptime: 0 days 5:41 hours

CPU: total 8 (initial active 8) (4 cores per cpu, 2 threads per core) family 6 model 142 stepping 10 microcode 0xe0, cx8, cmov, fxsr, ht, mmx, 3dnowpref, sse, sse2, sse3, ssse3, sse4.1, sse4.2, popcnt, lzcnt, tsc, tscinvbit, avx, avx2, aes, erms, clmul, bmi1, bmi2, adx, fma, vzeroupper, clflush, clflushopt

Memory: 4k page, system-wide physical 8101M (1700M free)
TotalPageFile size 8101M (AvailPageFile size 90M)
current process WorkingSet (physical memory assigned to process): 10M, peak: 10M
current process commit charge ("private bytes"): 60M, peak: 188M

vm_info: Java HotSpot(TM) 64-Bit Server VM (17.0.9+11-LTS-201) for windows-amd64 JRE (17.0.9+11-LTS-201), built on Oct 10 2023 23:16:06 by "mach5one" with MS VC++ 17.1 (VS2022)

END.
