#
# There is insufficient memory for the Java Runtime Environment to continue.
# Native memory allocation (mmap) failed to map 65536 bytes for Failed to commit metaspace.
# Possible reasons:
#   The system is out of physical RAM or swap space
#   The process is running with CompressedOops enabled, and the Java Heap may be blocking the growth of the native heap
# Possible solutions:
#   Reduce memory load on the system
#   Increase physical memory or swap space
#   Check if swap backing store is full
#   Decrease Java heap size (-Xmx/-Xms)
#   Decrease number of Java threads
#   Decrease Java thread stack sizes (-Xss)
#   Set larger code cache with -XX:ReservedCodeCacheSize=
#   JVM is running with Unscaled Compressed Oops mode in which the Java heap is
#     placed in the first 4GB address space. The Java Heap base address is the
#     maximum limit for the native heap growth. Please use -XX:HeapBaseMinAddress
#     to set the Java Heap base and to place the Java Heap above 4GB virtual address.
# This output file may be truncated or incomplete.
#
#  Out of Memory Error (virtualSpaceNode.cpp:110), pid=1544, tid=10016
#
# JRE version: Java(TM) SE Runtime Environment (17.0.9+11) (build 17.0.9+11-LTS-201)
# Java VM: Java HotSpot(TM) 64-Bit Server VM (17.0.9+11-LTS-201, mixed mode, sharing, tiered, compressed oops, compressed class ptrs, g1 gc, windows-amd64)
# No core dump will be written. Minidumps are not enabled by default on client versions of Windows
#

---------------  S U M M A R Y ------------

Command Line: -Dfile.encoding=UTF-8 --module-path=C:\Users\Admin\Documents\New Folder\CCE103JavaProjectSystem\build\classes cce103javaprojectsystem.Dashboard

Host: Intel(R) Core(TM) i5-8250U CPU @ 1.60GHz, 8 cores, 7G,  Windows 11 , 64 bit Build 22000 (10.0.22000.434)
Time: Mon Feb 12 20:36:13 2024 Mountain Standard Time elapsed time: 0.529666 seconds (0d 0h 0m 0s)

---------------  T H R E A D  ---------------

Current thread (0x000001e0123d8e20):  JavaThread "AWT-EventQueue-0" [_thread_in_vm, id=10016, stack(0x000000345a900000,0x000000345aa00000)]

Stack: [0x000000345a900000,0x000000345aa00000]
Native frames: (J=compiled Java code, j=interpreted, Vv=VM code, C=native code)
V  [jvm.dll+0x678a4a]
V  [jvm.dll+0x7d9cfd]
V  [jvm.dll+0x7db60e]
V  [jvm.dll+0x7dbc73]
V  [jvm.dll+0x245e1f]
V  [jvm.dll+0x7d5a0b]
V  [jvm.dll+0x61ebc6]
V  [jvm.dll+0x61ec2a]
V  [jvm.dll+0x62145d]
V  [jvm.dll+0x61f586]
V  [jvm.dll+0x23a45f]
V  [jvm.dll+0x629325]
V  [jvm.dll+0x1e9c7d]
V  [jvm.dll+0x1ea245]
V  [jvm.dll+0x1eab8b]
V  [jvm.dll+0x1e0391]
V  [jvm.dll+0x53eaec]
V  [jvm.dll+0x1f0caa]
V  [jvm.dll+0x75394d]
V  [jvm.dll+0x754d46]
V  [jvm.dll+0x755078]
V  [jvm.dll+0x23e1db]
V  [jvm.dll+0x37dd3e]
C  0x000001dfbd8db80d

Java frames: (J=compiled Java code, j=interpreted, Vv=VM code)
j  sun.nio.ch.FileChannelImpl.<init>(Ljava/io/FileDescriptor;Ljava/lang/String;ZZZLjava/lang/Object;)V+61 java.base@17.0.9
j  sun.nio.ch.FileChannelImpl.open(Ljava/io/FileDescriptor;Ljava/lang/String;ZZZLjava/lang/Object;)Ljava/nio/channels/FileChannel;+12 java.base@17.0.9
j  java.io.RandomAccessFile.getChannel()Ljava/nio/channels/FileChannel;+38 java.base@17.0.9
j  sun.font.TrueTypeFont.open(Z)Ljava/nio/channels/FileChannel;+48 java.desktop@17.0.9
j  sun.font.TrueTypeFont.verify(Z)V+2 java.desktop@17.0.9
j  sun.font.TrueTypeFont.<init>(Ljava/lang/String;Ljava/lang/Object;IZZ)V+51 java.desktop@17.0.9
j  sun.font.TrueTypeFont.<init>(Ljava/lang/String;Ljava/lang/Object;IZ)V+7 java.desktop@17.0.9
j  sun.font.SunFontManager.registerFontFile(Ljava/lang/String;[Ljava/lang/String;IZI)Lsun/font/PhysicalFont;+76 java.desktop@17.0.9
j  sun.font.SunFontManager.initialiseDeferredFont(Ljava/lang/String;)Lsun/font/PhysicalFont;+69 java.desktop@17.0.9
j  sun.font.CompositeFont.doDeferredInitialisation(I)V+73 java.desktop@17.0.9
j  sun.font.CompositeFont.getSlotFont(I)Lsun/font/PhysicalFont;+11 java.desktop@17.0.9
j  sun.font.CompositeStrike.getStrikeForSlot(I)Lsun/font/PhysicalStrike;+27 java.desktop@17.0.9
j  sun.font.CompositeStrike.getFontMetrics()Lsun/font/StrikeMetrics;+31 java.desktop@17.0.9
j  sun.font.FontDesignMetrics.initMatrixAndMetrics()V+28 java.desktop@17.0.9
j  sun.font.FontDesignMetrics.<init>(Ljava/awt/Font;Ljava/awt/font/FontRenderContext;)V+62 java.desktop@17.0.9
j  sun.font.FontDesignMetrics.getMetrics(Ljava/awt/Font;Ljava/awt/font/FontRenderContext;)Lsun/font/FontDesignMetrics;+128 java.desktop@17.0.9
j  sun.swing.SwingUtilities2.getFontMetrics(Ljavax/swing/JComponent;Ljava/awt/Font;)Ljava/awt/FontMetrics;+15 java.desktop@17.0.9
j  javax.swing.JComponent.getFontMetrics(Ljava/awt/Font;)Ljava/awt/FontMetrics;+2 java.desktop@17.0.9
j  javax.swing.plaf.synth.SynthTabbedPaneUI.getFontMetrics(Ljava/awt/Font;)Ljava/awt/FontMetrics;+5 java.desktop@17.0.9
j  javax.swing.plaf.synth.SynthTabbedPaneUI.calculateMaxTabWidth(I)I+15 java.desktop@17.0.9
j  javax.swing.plaf.basic.BasicTabbedPaneUI$TabbedPaneLayout.calculateSize(Z)Ljava/awt/Dimension;+253 java.desktop@17.0.9
j  javax.swing.plaf.basic.BasicTabbedPaneUI$TabbedPaneLayout.preferredLayoutSize(Ljava/awt/Container;)Ljava/awt/Dimension;+2 java.desktop@17.0.9
j  java.awt.Container.preferredSize()Ljava/awt/Dimension;+43 java.desktop@17.0.9
j  java.awt.Container.getPreferredSize()Ljava/awt/Dimension;+1 java.desktop@17.0.9
j  javax.swing.JComponent.getPreferredSize()Ljava/awt/Dimension;+39 java.desktop@17.0.9
j  org.netbeans.lib.awtextra.AbsoluteLayout.preferredLayoutSize(Ljava/awt/Container;)Ljava/awt/Dimension;+51
j  java.awt.Container.preferredSize()Ljava/awt/Dimension;+43 java.desktop@17.0.9
j  java.awt.Container.getPreferredSize()Ljava/awt/Dimension;+1 java.desktop@17.0.9
j  javax.swing.JComponent.getPreferredSize()Ljava/awt/Dimension;+39 java.desktop@17.0.9
j  javax.swing.JRootPane$RootLayout.preferredLayoutSize(Ljava/awt/Container;)Ljava/awt/Dimension;+26 java.desktop@17.0.9
j  java.awt.Container.preferredSize()Ljava/awt/Dimension;+43 java.desktop@17.0.9
j  java.awt.Container.getPreferredSize()Ljava/awt/Dimension;+1 java.desktop@17.0.9
j  javax.swing.JComponent.getPreferredSize()Ljava/awt/Dimension;+39 java.desktop@17.0.9
j  java.awt.BorderLayout.preferredLayoutSize(Ljava/awt/Container;)Ljava/awt/Dimension;+157 java.desktop@17.0.9
j  java.awt.Container.preferredSize()Ljava/awt/Dimension;+43 java.desktop@17.0.9
j  java.awt.Container.getPreferredSize()Ljava/awt/Dimension;+1 java.desktop@17.0.9
j  java.awt.Window.pack()V+32 java.desktop@17.0.9
j  cce103javaprojectsystem.Dashboard.initComponents()V+1926
j  cce103javaprojectsystem.Dashboard.<init>()V+5
j  cce103javaprojectsystem.Dashboard$4.run()V+4
j  java.awt.event.InvocationEvent.dispatch()V+47 java.desktop@17.0.9
j  java.awt.EventQueue.dispatchEventImpl(Ljava/awt/AWTEvent;Ljava/lang/Object;)V+21 java.desktop@17.0.9
j  java.awt.EventQueue$4.run()Ljava/lang/Void;+32 java.desktop@17.0.9
j  java.awt.EventQueue$4.run()Ljava/lang/Object;+1 java.desktop@17.0.9
j  java.security.AccessController.executePrivileged(Ljava/security/PrivilegedAction;Ljava/security/AccessControlContext;Ljava/lang/Class;)Ljava/lang/Object;+29 java.base@17.0.9
j  java.security.AccessController.doPrivileged(Ljava/security/PrivilegedAction;Ljava/security/AccessControlContext;)Ljava/lang/Object;+13 java.base@17.0.9
j  java.security.ProtectionDomain$JavaSecurityAccessImpl.doIntersectionPrivilege(Ljava/security/PrivilegedAction;Ljava/security/AccessControlContext;Ljava/security/AccessControlContext;)Ljava/lang/Object;+18 java.base@17.0.9
j  java.awt.EventQueue.dispatchEvent(Ljava/awt/AWTEvent;)V+46 java.desktop@17.0.9
j  java.awt.EventDispatchThread.pumpOneEventForFilters(I)V+78 java.desktop@17.0.9
j  java.awt.EventDispatchThread.pumpEventsForFilter(ILjava/awt/Conditional;Ljava/awt/EventFilter;)V+35 java.desktop@17.0.9
j  java.awt.EventDispatchThread.pumpEventsForHierarchy(ILjava/awt/Conditional;Ljava/awt/Component;)V+11 java.desktop@17.0.9
j  java.awt.EventDispatchThread.pumpEvents(ILjava/awt/Conditional;)V+4 java.desktop@17.0.9
j  java.awt.EventDispatchThread.pumpEvents(Ljava/awt/Conditional;)V+3 java.desktop@17.0.9
j  java.awt.EventDispatchThread.run()V+9 java.desktop@17.0.9
v  ~StubRoutines::call_stub

---------------  P R O C E S S  ---------------

Threads class SMR info:
_java_thread_list=0x000001e012e06bf0, length=18, elements={
0x000001dfccc26af0, 0x000001dfccc27a40, 0x000001dfccc3bf00, 0x000001dfccc3d8d0,
0x000001dfccc3e290, 0x000001dfccc3ec50, 0x000001dfccc40a00, 0x000001dfccc449b0,
0x000001dfccc492f0, 0x000001dfccc11f30, 0x000001e0120949b0, 0x000001e01210dd50,
0x000001e0122fd020, 0x000001e0122ff510, 0x000001e012301a00, 0x000001e0123d8e20,
0x000001dfaeae16b0, 0x000001e012f6c430
}

Java Threads: ( => current thread )
  0x000001dfccc26af0 JavaThread "Reference Handler" daemon [_thread_blocked, id=5188, stack(0x0000003459900000,0x0000003459a00000)]
  0x000001dfccc27a40 JavaThread "Finalizer" daemon [_thread_blocked, id=5716, stack(0x0000003459a00000,0x0000003459b00000)]
  0x000001dfccc3bf00 JavaThread "Signal Dispatcher" daemon [_thread_blocked, id=11664, stack(0x0000003459b00000,0x0000003459c00000)]
  0x000001dfccc3d8d0 JavaThread "Attach Listener" daemon [_thread_blocked, id=7948, stack(0x0000003459c00000,0x0000003459d00000)]
  0x000001dfccc3e290 JavaThread "Service Thread" daemon [_thread_blocked, id=8724, stack(0x0000003459d00000,0x0000003459e00000)]
  0x000001dfccc3ec50 JavaThread "Monitor Deflation Thread" daemon [_thread_blocked, id=8644, stack(0x0000003459e00000,0x0000003459f00000)]
  0x000001dfccc40a00 JavaThread "C2 CompilerThread0" daemon [_thread_blocked, id=7084, stack(0x0000003459f00000,0x000000345a000000)]
  0x000001dfccc449b0 JavaThread "C1 CompilerThread0" daemon [_thread_blocked, id=2148, stack(0x000000345a000000,0x000000345a100000)]
  0x000001dfccc492f0 JavaThread "Sweeper thread" daemon [_thread_blocked, id=2716, stack(0x000000345a100000,0x000000345a200000)]
  0x000001dfccc11f30 JavaThread "Common-Cleaner" daemon [_thread_blocked, id=4152, stack(0x000000345a200000,0x000000345a300000)]
  0x000001e0120949b0 JavaThread "C2 CompilerThread1" daemon [_thread_blocked, id=10828, stack(0x000000345a300000,0x000000345a400000)]
  0x000001e01210dd50 JavaThread "Notification Thread" daemon [_thread_blocked, id=5804, stack(0x000000345a400000,0x000000345a500000)]
  0x000001e0122fd020 JavaThread "Java2D Disposer" daemon [_thread_blocked, id=6964, stack(0x000000345a600000,0x000000345a700000)]
  0x000001e0122ff510 JavaThread "AWT-Shutdown" [_thread_blocked, id=4568, stack(0x000000345a700000,0x000000345a800000)]
  0x000001e012301a00 JavaThread "AWT-Windows" daemon [_thread_in_native, id=11244, stack(0x000000345a800000,0x000000345a900000)]
=>0x000001e0123d8e20 JavaThread "AWT-EventQueue-0" [_thread_in_vm, id=10016, stack(0x000000345a900000,0x000000345aa00000)]
  0x000001dfaeae16b0 JavaThread "DestroyJavaVM" [_thread_blocked, id=6072, stack(0x0000003459200000,0x0000003459300000)]
  0x000001e012f6c430 JavaThread "Image Fetcher 0" daemon [_thread_blocked, id=11660, stack(0x000000345aa00000,0x000000345ab00000)]

Other Threads:
  0x000001dfccc22e20 VMThread "VM Thread" [stack: 0x0000003459800000,0x0000003459900000] [id=2240]
  0x000001e012121230 WatcherThread [stack: 0x000000345a500000,0x000000345a600000] [id=3528]
  0x000001dfaeb3d520 GCTaskThread "GC Thread#0" [stack: 0x0000003459300000,0x0000003459400000] [id=10400]
  0x000001dfaeb4e280 ConcurrentGCThread "G1 Main Marker" [stack: 0x0000003459400000,0x0000003459500000] [id=6352]
  0x000001dfaeb4f430 ConcurrentGCThread "G1 Conc#0" [stack: 0x0000003459500000,0x0000003459600000] [id=11624]
  0x000001dfaebb8d90 ConcurrentGCThread "G1 Refine#0" [stack: 0x0000003459600000,0x0000003459700000] [id=12048]
  0x000001dfaebb97c0 ConcurrentGCThread "G1 Service" [stack: 0x0000003459700000,0x0000003459800000] [id=10476]

Threads with active compile tasks:

VM state: not at safepoint (normal execution)

VM Mutex/Monitor currently owned by a thread:  ([mutex/lock_event])
[0x000001dfaeadbac0] Metaspace_lock - owner thread: 0x000001e0123d8e20

Heap address: 0x0000000081600000, size: 2026 MB, Compressed Oops mode: 32-bit

CDS archive(s) mapped at: [0x000001dfcd000000-0x000001dfcdbd0000-0x000001dfcdbd0000), size 12386304, SharedBaseAddress: 0x000001dfcd000000, ArchiveRelocationMode: 1.
Compressed class space mapped at: 0x000001dfce000000-0x000001e00e000000, reserved size: 1073741824
Narrow klass base: 0x000001dfcd000000, Narrow klass shift: 0, Narrow klass range: 0x100000000

GC Precious Log:
 CPUs: 8 total, 8 available
 Memory: 8101M
 Large Page Support: Disabled
 NUMA Support: Disabled
 Compressed Oops: Enabled (32-bit)
 Heap Region Size: 1M
 Heap Min Capacity: 8M
 Heap Initial Capacity: 128M
 Heap Max Capacity: 2026M
 Pre-touch: Disabled
 Parallel Workers: 8
 Concurrent Workers: 2
 Concurrent Refinement Workers: 8
 Periodic GC: Disabled

Heap:
 garbage-first heap   total 131072K, used 8192K [0x0000000081600000, 0x0000000100000000)
  region size 1024K, 9 young (9216K), 0 survivors (0K)
 Metaspace       used 8160K, committed 8320K, reserved 1114112K
  class space    used 930K, committed 1024K, reserved 1048576K

Heap Regions: E=young(eden), S=young(survivor), O=old, HS=humongous(starts), HC=humongous(continues), CS=collection set, F=free, OA=open archive, CA=closed archive, TAMS=top-at-mark-start (previous, next)
|   0|0x0000000081600000, 0x0000000081600000, 0x0000000081700000|  0%| F|  |TAMS 0x0000000081600000, 0x0000000081600000| Untracked 
|   1|0x0000000081700000, 0x0000000081700000, 0x0000000081800000|  0%| F|  |TAMS 0x0000000081700000, 0x0000000081700000| Untracked 
|   2|0x0000000081800000, 0x0000000081800000, 0x0000000081900000|  0%| F|  |TAMS 0x0000000081800000, 0x0000000081800000| Untracked 
|   3|0x0000000081900000, 0x0000000081900000, 0x0000000081a00000|  0%| F|  |TAMS 0x0000000081900000, 0x0000000081900000| Untracked 
|   4|0x0000000081a00000, 0x0000000081a00000, 0x0000000081b00000|  0%| F|  |TAMS 0x0000000081a00000, 0x0000000081a00000| Untracked 
|   5|0x0000000081b00000, 0x0000000081b00000, 0x0000000081c00000|  0%| F|  |TAMS 0x0000000081b00000, 0x0000000081b00000| Untracked 
|   6|0x0000000081c00000, 0x0000000081c00000, 0x0000000081d00000|  0%| F|  |TAMS 0x0000000081c00000, 0x0000000081c00000| Untracked 
|   7|0x0000000081d00000, 0x0000000081d00000, 0x0000000081e00000|  0%| F|  |TAMS 0x0000000081d00000, 0x0000000081d00000| Untracked 
|   8|0x0000000081e00000, 0x0000000081e00000, 0x0000000081f00000|  0%| F|  |TAMS 0x0000000081e00000, 0x0000000081e00000| Untracked 
|   9|0x0000000081f00000, 0x0000000081f00000, 0x0000000082000000|  0%| F|  |TAMS 0x0000000081f00000, 0x0000000081f00000| Untracked 
|  10|0x0000000082000000, 0x0000000082000000, 0x0000000082100000|  0%| F|  |TAMS 0x0000000082000000, 0x0000000082000000| Untracked 
|  11|0x0000000082100000, 0x0000000082100000, 0x0000000082200000|  0%| F|  |TAMS 0x0000000082100000, 0x0000000082100000| Untracked 
|  12|0x0000000082200000, 0x0000000082200000, 0x0000000082300000|  0%| F|  |TAMS 0x0000000082200000, 0x0000000082200000| Untracked 
|  13|0x0000000082300000, 0x0000000082300000, 0x0000000082400000|  0%| F|  |TAMS 0x0000000082300000, 0x0000000082300000| Untracked 
|  14|0x0000000082400000, 0x0000000082400000, 0x0000000082500000|  0%| F|  |TAMS 0x0000000082400000, 0x0000000082400000| Untracked 
|  15|0x0000000082500000, 0x0000000082500000, 0x0000000082600000|  0%| F|  |TAMS 0x0000000082500000, 0x0000000082500000| Untracked 
|  16|0x0000000082600000, 0x0000000082600000, 0x0000000082700000|  0%| F|  |TAMS 0x0000000082600000, 0x0000000082600000| Untracked 
|  17|0x0000000082700000, 0x0000000082700000, 0x0000000082800000|  0%| F|  |TAMS 0x0000000082700000, 0x0000000082700000| Untracked 
|  18|0x0000000082800000, 0x0000000082800000, 0x0000000082900000|  0%| F|  |TAMS 0x0000000082800000, 0x0000000082800000| Untracked 
|  19|0x0000000082900000, 0x0000000082900000, 0x0000000082a00000|  0%| F|  |TAMS 0x0000000082900000, 0x0000000082900000| Untracked 
|  20|0x0000000082a00000, 0x0000000082a00000, 0x0000000082b00000|  0%| F|  |TAMS 0x0000000082a00000, 0x0000000082a00000| Untracked 
|  21|0x0000000082b00000, 0x0000000082b00000, 0x0000000082c00000|  0%| F|  |TAMS 0x0000000082b00000, 0x0000000082b00000| Untracked 
|  22|0x0000000082c00000, 0x0000000082c00000, 0x0000000082d00000|  0%| F|  |TAMS 0x0000000082c00000, 0x0000000082c00000| Untracked 
|  23|0x0000000082d00000, 0x0000000082d00000, 0x0000000082e00000|  0%| F|  |TAMS 0x0000000082d00000, 0x0000000082d00000| Untracked 
|  24|0x0000000082e00000, 0x0000000082e00000, 0x0000000082f00000|  0%| F|  |TAMS 0x0000000082e00000, 0x0000000082e00000| Untracked 
|  25|0x0000000082f00000, 0x0000000082f00000, 0x0000000083000000|  0%| F|  |TAMS 0x0000000082f00000, 0x0000000082f00000| Untracked 
|  26|0x0000000083000000, 0x0000000083000000, 0x0000000083100000|  0%| F|  |TAMS 0x0000000083000000, 0x0000000083000000| Untracked 
|  27|0x0000000083100000, 0x0000000083100000, 0x0000000083200000|  0%| F|  |TAMS 0x0000000083100000, 0x0000000083100000| Untracked 
|  28|0x0000000083200000, 0x0000000083200000, 0x0000000083300000|  0%| F|  |TAMS 0x0000000083200000, 0x0000000083200000| Untracked 
|  29|0x0000000083300000, 0x0000000083300000, 0x0000000083400000|  0%| F|  |TAMS 0x0000000083300000, 0x0000000083300000| Untracked 
|  30|0x0000000083400000, 0x0000000083400000, 0x0000000083500000|  0%| F|  |TAMS 0x0000000083400000, 0x0000000083400000| Untracked 
|  31|0x0000000083500000, 0x0000000083500000, 0x0000000083600000|  0%| F|  |TAMS 0x0000000083500000, 0x0000000083500000| Untracked 
|  32|0x0000000083600000, 0x0000000083600000, 0x0000000083700000|  0%| F|  |TAMS 0x0000000083600000, 0x0000000083600000| Untracked 
|  33|0x0000000083700000, 0x0000000083700000, 0x0000000083800000|  0%| F|  |TAMS 0x0000000083700000, 0x0000000083700000| Untracked 
|  34|0x0000000083800000, 0x0000000083800000, 0x0000000083900000|  0%| F|  |TAMS 0x0000000083800000, 0x0000000083800000| Untracked 
|  35|0x0000000083900000, 0x0000000083900000, 0x0000000083a00000|  0%| F|  |TAMS 0x0000000083900000, 0x0000000083900000| Untracked 
|  36|0x0000000083a00000, 0x0000000083a00000, 0x0000000083b00000|  0%| F|  |TAMS 0x0000000083a00000, 0x0000000083a00000| Untracked 
|  37|0x0000000083b00000, 0x0000000083b00000, 0x0000000083c00000|  0%| F|  |TAMS 0x0000000083b00000, 0x0000000083b00000| Untracked 
|  38|0x0000000083c00000, 0x0000000083c00000, 0x0000000083d00000|  0%| F|  |TAMS 0x0000000083c00000, 0x0000000083c00000| Untracked 
|  39|0x0000000083d00000, 0x0000000083d00000, 0x0000000083e00000|  0%| F|  |TAMS 0x0000000083d00000, 0x0000000083d00000| Untracked 
|  40|0x0000000083e00000, 0x0000000083e00000, 0x0000000083f00000|  0%| F|  |TAMS 0x0000000083e00000, 0x0000000083e00000| Untracked 
|  41|0x0000000083f00000, 0x0000000083f00000, 0x0000000084000000|  0%| F|  |TAMS 0x0000000083f00000, 0x0000000083f00000| Untracked 
|  42|0x0000000084000000, 0x0000000084000000, 0x0000000084100000|  0%| F|  |TAMS 0x0000000084000000, 0x0000000084000000| Untracked 
|  43|0x0000000084100000, 0x0000000084100000, 0x0000000084200000|  0%| F|  |TAMS 0x0000000084100000, 0x0000000084100000| Untracked 
|  44|0x0000000084200000, 0x0000000084200000, 0x0000000084300000|  0%| F|  |TAMS 0x0000000084200000, 0x0000000084200000| Untracked 
|  45|0x0000000084300000, 0x0000000084300000, 0x0000000084400000|  0%| F|  |TAMS 0x0000000084300000, 0x0000000084300000| Untracked 
|  46|0x0000000084400000, 0x0000000084400000, 0x0000000084500000|  0%| F|  |TAMS 0x0000000084400000, 0x0000000084400000| Untracked 
|  47|0x0000000084500000, 0x0000000084500000, 0x0000000084600000|  0%| F|  |TAMS 0x0000000084500000, 0x0000000084500000| Untracked 
|  48|0x0000000084600000, 0x0000000084600000, 0x0000000084700000|  0%| F|  |TAMS 0x0000000084600000, 0x0000000084600000| Untracked 
|  49|0x0000000084700000, 0x0000000084700000, 0x0000000084800000|  0%| F|  |TAMS 0x0000000084700000, 0x0000000084700000| Untracked 
|  50|0x0000000084800000, 0x0000000084800000, 0x0000000084900000|  0%| F|  |TAMS 0x0000000084800000, 0x0000000084800000| Untracked 
|  51|0x0000000084900000, 0x0000000084900000, 0x0000000084a00000|  0%| F|  |TAMS 0x0000000084900000, 0x0000000084900000| Untracked 
|  52|0x0000000084a00000, 0x0000000084a00000, 0x0000000084b00000|  0%| F|  |TAMS 0x0000000084a00000, 0x0000000084a00000| Untracked 
|  53|0x0000000084b00000, 0x0000000084b00000, 0x0000000084c00000|  0%| F|  |TAMS 0x0000000084b00000, 0x0000000084b00000| Untracked 
|  54|0x0000000084c00000, 0x0000000084c00000, 0x0000000084d00000|  0%| F|  |TAMS 0x0000000084c00000, 0x0000000084c00000| Untracked 
|  55|0x0000000084d00000, 0x0000000084d00000, 0x0000000084e00000|  0%| F|  |TAMS 0x0000000084d00000, 0x0000000084d00000| Untracked 
|  56|0x0000000084e00000, 0x0000000084e00000, 0x0000000084f00000|  0%| F|  |TAMS 0x0000000084e00000, 0x0000000084e00000| Untracked 
|  57|0x0000000084f00000, 0x0000000084f00000, 0x0000000085000000|  0%| F|  |TAMS 0x0000000084f00000, 0x0000000084f00000| Untracked 
|  58|0x0000000085000000, 0x0000000085000000, 0x0000000085100000|  0%| F|  |TAMS 0x0000000085000000, 0x0000000085000000| Untracked 
|  59|0x0000000085100000, 0x0000000085100000, 0x0000000085200000|  0%| F|  |TAMS 0x0000000085100000, 0x0000000085100000| Untracked 
|  60|0x0000000085200000, 0x0000000085200000, 0x0000000085300000|  0%| F|  |TAMS 0x0000000085200000, 0x0000000085200000| Untracked 
|  61|0x0000000085300000, 0x0000000085300000, 0x0000000085400000|  0%| F|  |TAMS 0x0000000085300000, 0x0000000085300000| Untracked 
|  62|0x0000000085400000, 0x0000000085400000, 0x0000000085500000|  0%| F|  |TAMS 0x0000000085400000, 0x0000000085400000| Untracked 
|  63|0x0000000085500000, 0x0000000085500000, 0x0000000085600000|  0%| F|  |TAMS 0x0000000085500000, 0x0000000085500000| Untracked 
|  64|0x0000000085600000, 0x0000000085600000, 0x0000000085700000|  0%| F|  |TAMS 0x0000000085600000, 0x0000000085600000| Untracked 
|  65|0x0000000085700000, 0x0000000085700000, 0x0000000085800000|  0%| F|  |TAMS 0x0000000085700000, 0x0000000085700000| Untracked 
|  66|0x0000000085800000, 0x0000000085800000, 0x0000000085900000|  0%| F|  |TAMS 0x0000000085800000, 0x0000000085800000| Untracked 
|  67|0x0000000085900000, 0x0000000085900000, 0x0000000085a00000|  0%| F|  |TAMS 0x0000000085900000, 0x0000000085900000| Untracked 
|  68|0x0000000085a00000, 0x0000000085a00000, 0x0000000085b00000|  0%| F|  |TAMS 0x0000000085a00000, 0x0000000085a00000| Untracked 
|  69|0x0000000085b00000, 0x0000000085b00000, 0x0000000085c00000|  0%| F|  |TAMS 0x0000000085b00000, 0x0000000085b00000| Untracked 
|  70|0x0000000085c00000, 0x0000000085c00000, 0x0000000085d00000|  0%| F|  |TAMS 0x0000000085c00000, 0x0000000085c00000| Untracked 
|  71|0x0000000085d00000, 0x0000000085d00000, 0x0000000085e00000|  0%| F|  |TAMS 0x0000000085d00000, 0x0000000085d00000| Untracked 
|  72|0x0000000085e00000, 0x0000000085e00000, 0x0000000085f00000|  0%| F|  |TAMS 0x0000000085e00000, 0x0000000085e00000| Untracked 
|  73|0x0000000085f00000, 0x0000000085f00000, 0x0000000086000000|  0%| F|  |TAMS 0x0000000085f00000, 0x0000000085f00000| Untracked 
|  74|0x0000000086000000, 0x0000000086000000, 0x0000000086100000|  0%| F|  |TAMS 0x0000000086000000, 0x0000000086000000| Untracked 
|  75|0x0000000086100000, 0x0000000086100000, 0x0000000086200000|  0%| F|  |TAMS 0x0000000086100000, 0x0000000086100000| Untracked 
|  76|0x0000000086200000, 0x0000000086200000, 0x0000000086300000|  0%| F|  |TAMS 0x0000000086200000, 0x0000000086200000| Untracked 
|  77|0x0000000086300000, 0x0000000086300000, 0x0000000086400000|  0%| F|  |TAMS 0x0000000086300000, 0x0000000086300000| Untracked 
|  78|0x0000000086400000, 0x0000000086400000, 0x0000000086500000|  0%| F|  |TAMS 0x0000000086400000, 0x0000000086400000| Untracked 
|  79|0x0000000086500000, 0x0000000086500000, 0x0000000086600000|  0%| F|  |TAMS 0x0000000086500000, 0x0000000086500000| Untracked 
|  80|0x0000000086600000, 0x0000000086600000, 0x0000000086700000|  0%| F|  |TAMS 0x0000000086600000, 0x0000000086600000| Untracked 
|  81|0x0000000086700000, 0x0000000086700000, 0x0000000086800000|  0%| F|  |TAMS 0x0000000086700000, 0x0000000086700000| Untracked 
|  82|0x0000000086800000, 0x0000000086800000, 0x0000000086900000|  0%| F|  |TAMS 0x0000000086800000, 0x0000000086800000| Untracked 
|  83|0x0000000086900000, 0x0000000086900000, 0x0000000086a00000|  0%| F|  |TAMS 0x0000000086900000, 0x0000000086900000| Untracked 
|  84|0x0000000086a00000, 0x0000000086a00000, 0x0000000086b00000|  0%| F|  |TAMS 0x0000000086a00000, 0x0000000086a00000| Untracked 
|  85|0x0000000086b00000, 0x0000000086b00000, 0x0000000086c00000|  0%| F|  |TAMS 0x0000000086b00000, 0x0000000086b00000| Untracked 
|  86|0x0000000086c00000, 0x0000000086c00000, 0x0000000086d00000|  0%| F|  |TAMS 0x0000000086c00000, 0x0000000086c00000| Untracked 
|  87|0x0000000086d00000, 0x0000000086d00000, 0x0000000086e00000|  0%| F|  |TAMS 0x0000000086d00000, 0x0000000086d00000| Untracked 
|  88|0x0000000086e00000, 0x0000000086e00000, 0x0000000086f00000|  0%| F|  |TAMS 0x0000000086e00000, 0x0000000086e00000| Untracked 
|  89|0x0000000086f00000, 0x0000000086f00000, 0x0000000087000000|  0%| F|  |TAMS 0x0000000086f00000, 0x0000000086f00000| Untracked 
|  90|0x0000000087000000, 0x0000000087000000, 0x0000000087100000|  0%| F|  |TAMS 0x0000000087000000, 0x0000000087000000| Untracked 
|  91|0x0000000087100000, 0x0000000087100000, 0x0000000087200000|  0%| F|  |TAMS 0x0000000087100000, 0x0000000087100000| Untracked 
|  92|0x0000000087200000, 0x0000000087200000, 0x0000000087300000|  0%| F|  |TAMS 0x0000000087200000, 0x0000000087200000| Untracked 
|  93|0x0000000087300000, 0x0000000087300000, 0x0000000087400000|  0%| F|  |TAMS 0x0000000087300000, 0x0000000087300000| Untracked 
|  94|0x0000000087400000, 0x0000000087400000, 0x0000000087500000|  0%| F|  |TAMS 0x0000000087400000, 0x0000000087400000| Untracked 
|  95|0x0000000087500000, 0x0000000087500000, 0x0000000087600000|  0%| F|  |TAMS 0x0000000087500000, 0x0000000087500000| Untracked 
|  96|0x0000000087600000, 0x0000000087600000, 0x0000000087700000|  0%| F|  |TAMS 0x0000000087600000, 0x0000000087600000| Untracked 
|  97|0x0000000087700000, 0x0000000087700000, 0x0000000087800000|  0%| F|  |TAMS 0x0000000087700000, 0x0000000087700000| Untracked 
|  98|0x0000000087800000, 0x0000000087800000, 0x0000000087900000|  0%| F|  |TAMS 0x0000000087800000, 0x0000000087800000| Untracked 
|  99|0x0000000087900000, 0x0000000087900000, 0x0000000087a00000|  0%| F|  |TAMS 0x0000000087900000, 0x0000000087900000| Untracked 
| 100|0x0000000087a00000, 0x0000000087a00000, 0x0000000087b00000|  0%| F|  |TAMS 0x0000000087a00000, 0x0000000087a00000| Untracked 
| 101|0x0000000087b00000, 0x0000000087b00000, 0x0000000087c00000|  0%| F|  |TAMS 0x0000000087b00000, 0x0000000087b00000| Untracked 
| 102|0x0000000087c00000, 0x0000000087c00000, 0x0000000087d00000|  0%| F|  |TAMS 0x0000000087c00000, 0x0000000087c00000| Untracked 
| 103|0x0000000087d00000, 0x0000000087d00000, 0x0000000087e00000|  0%| F|  |TAMS 0x0000000087d00000, 0x0000000087d00000| Untracked 
| 104|0x0000000087e00000, 0x0000000087e00000, 0x0000000087f00000|  0%| F|  |TAMS 0x0000000087e00000, 0x0000000087e00000| Untracked 
| 105|0x0000000087f00000, 0x0000000087f00000, 0x0000000088000000|  0%| F|  |TAMS 0x0000000087f00000, 0x0000000087f00000| Untracked 
| 106|0x0000000088000000, 0x0000000088000000, 0x0000000088100000|  0%| F|  |TAMS 0x0000000088000000, 0x0000000088000000| Untracked 
| 107|0x0000000088100000, 0x0000000088100000, 0x0000000088200000|  0%| F|  |TAMS 0x0000000088100000, 0x0000000088100000| Untracked 
| 108|0x0000000088200000, 0x0000000088200000, 0x0000000088300000|  0%| F|  |TAMS 0x0000000088200000, 0x0000000088200000| Untracked 
| 109|0x0000000088300000, 0x0000000088300000, 0x0000000088400000|  0%| F|  |TAMS 0x0000000088300000, 0x0000000088300000| Untracked 
| 110|0x0000000088400000, 0x0000000088400000, 0x0000000088500000|  0%| F|  |TAMS 0x0000000088400000, 0x0000000088400000| Untracked 
| 111|0x0000000088500000, 0x0000000088500000, 0x0000000088600000|  0%| F|  |TAMS 0x0000000088500000, 0x0000000088500000| Untracked 
| 112|0x0000000088600000, 0x0000000088600000, 0x0000000088700000|  0%| F|  |TAMS 0x0000000088600000, 0x0000000088600000| Untracked 
| 113|0x0000000088700000, 0x0000000088700000, 0x0000000088800000|  0%| F|  |TAMS 0x0000000088700000, 0x0000000088700000| Untracked 
| 114|0x0000000088800000, 0x0000000088800000, 0x0000000088900000|  0%| F|  |TAMS 0x0000000088800000, 0x0000000088800000| Untracked 
| 115|0x0000000088900000, 0x0000000088900000, 0x0000000088a00000|  0%| F|  |TAMS 0x0000000088900000, 0x0000000088900000| Untracked 
| 116|0x0000000088a00000, 0x0000000088a00000, 0x0000000088b00000|  0%| F|  |TAMS 0x0000000088a00000, 0x0000000088a00000| Untracked 
| 117|0x0000000088b00000, 0x0000000088b00000, 0x0000000088c00000|  0%| F|  |TAMS 0x0000000088b00000, 0x0000000088b00000| Untracked 
| 118|0x0000000088c00000, 0x0000000088c00000, 0x0000000088d00000|  0%| F|  |TAMS 0x0000000088c00000, 0x0000000088c00000| Untracked 
| 119|0x0000000088d00000, 0x0000000088d76458, 0x0000000088e00000| 46%| E|  |TAMS 0x0000000088d00000, 0x0000000088d00000| Complete 
| 120|0x0000000088e00000, 0x0000000088f00000, 0x0000000088f00000|100%| E|CS|TAMS 0x0000000088e00000, 0x0000000088e00000| Complete 
| 121|0x0000000088f00000, 0x0000000089000000, 0x0000000089000000|100%| E|CS|TAMS 0x0000000088f00000, 0x0000000088f00000| Complete 
| 122|0x0000000089000000, 0x0000000089100000, 0x0000000089100000|100%| E|CS|TAMS 0x0000000089000000, 0x0000000089000000| Complete 
| 123|0x0000000089100000, 0x0000000089200000, 0x0000000089200000|100%| E|CS|TAMS 0x0000000089100000, 0x0000000089100000| Complete 
| 124|0x0000000089200000, 0x0000000089300000, 0x0000000089300000|100%| E|CS|TAMS 0x0000000089200000, 0x0000000089200000| Complete 
| 125|0x0000000089300000, 0x0000000089400000, 0x0000000089400000|100%| E|CS|TAMS 0x0000000089300000, 0x0000000089300000| Complete 
| 126|0x0000000089400000, 0x0000000089500000, 0x0000000089500000|100%| E|CS|TAMS 0x0000000089400000, 0x0000000089400000| Complete 
| 127|0x0000000089500000, 0x0000000089600000, 0x0000000089600000|100%| E|CS|TAMS 0x0000000089500000, 0x0000000089500000| Complete 

Card table byte_map: [0x000001dfc5ac0000,0x000001dfc5ec0000] _byte_map_base: 0x000001dfc56b5000

Marking Bits (Prev, Next): (CMBitMap*) 0x000001dfaeb3db40, (CMBitMap*) 0x000001dfaeb3db80
 Prev Bits: [0x000001dfc62c0000, 0x000001dfc8268000)
 Next Bits: [0x000001dfc8270000, 0x000001dfca218000)

Polling page: 0x000001dfac9e0000

Metaspace:

Usage:
  Non-class:      7.06 MB used.
      Class:    930.57 KB used.
       Both:      7.97 MB used.

Virtual space:
  Non-class space:       64.00 MB reserved,       7.12 MB ( 11%) committed,  1 nodes.
      Class space:        1.00 GB reserved,       1.00 MB ( <1%) committed,  1 nodes.
             Both:        1.06 GB reserved,       8.12 MB ( <1%) committed. 

Chunk freelists:
   Non-Class:  8.46 MB
       Class:  14.99 MB
        Both:  23.44 MB

MaxMetaspaceSize: unlimited
CompressedClassSpaceSize: 1.00 GB
Initial GC threshold: 21.00 MB
Current GC threshold: 21.00 MB
CDS: on
MetaspaceReclaimPolicy: balanced
 - commit_granule_bytes: 65536.
 - commit_granule_words: 8192.
 - virtual_space_node_default_size: 8388608.
 - enlarge_chunks_in_place: 1.
 - new_chunks_are_fully_committed: 0.
 - uncommit_free_chunks: 1.
 - use_allocation_guard: 0.
 - handle_deallocations: 1.


Internal statistics:

num_allocs_failed_limit: 0.
num_arena_births: 120.
num_arena_deaths: 0.
num_vsnodes_births: 2.
num_vsnodes_deaths: 0.
num_space_committed: 130.
num_space_uncommitted: 0.
num_chunks_returned_to_freelist: 0.
num_chunks_taken_from_freelist: 175.
num_chunk_merges: 0.
num_chunk_splits: 92.
num_chunks_enlarged: 23.
num_inconsistent_stats: 0.

CodeHeap 'non-profiled nmethods': size=120000Kb used=252Kb max_used=252Kb free=119747Kb
 bounds [0x000001dfbde60000, 0x000001dfbe0d0000, 0x000001dfc5390000]
CodeHeap 'profiled nmethods': size=120000Kb used=1328Kb max_used=1328Kb free=118671Kb
 bounds [0x000001dfb6390000, 0x000001dfb6600000, 0x000001dfbd8c0000]
CodeHeap 'non-nmethods': size=5760Kb used=1267Kb max_used=1281Kb free=4492Kb
 bounds [0x000001dfbd8c0000, 0x000001dfbdb30000, 0x000001dfbde60000]
 total_blobs=1433 nmethods=842 adapters=504
 compilation: enabled
              stopped_count=0, restarted_count=0
 full_count=0

Compilation events (20 events):
Event: 0.522 Thread 0x000001e0120949b0  833   !   4       jdk.internal.misc.ScopedMemoryAccess::getByte (20 bytes)
Event: 0.522 Thread 0x000001dfccc40a00  834       4       java.nio.Buffer::scope (17 bytes)
Event: 0.522 Thread 0x000001dfccc449b0  835       3       jdk.internal.jimage.ImageReader::verifyLocation (14 bytes)
Event: 0.522 Thread 0x000001dfccc449b0 nmethod 835 0x000001dfb64d9b10 code [0x000001dfb64d9ce0, 0x000001dfb64da018]
Event: 0.522 Thread 0x000001dfccc40a00 nmethod 834 0x000001dfbde9ec90 code [0x000001dfbde9ee00, 0x000001dfbde9ee98]
Event: 0.522 Thread 0x000001dfccc449b0  836       3       jdk.internal.jimage.BasicImageReader::verifyLocation (39 bytes)
Event: 0.522 Thread 0x000001e0120949b0 nmethod 833 0x000001dfbde9ef90 code [0x000001dfbde9f100, 0x000001dfbde9f1b8]
Event: 0.523 Thread 0x000001dfccc449b0 nmethod 836 0x000001dfb64da190 code [0x000001dfb64da360, 0x000001dfb64da628]
Event: 0.523 Thread 0x000001dfccc449b0  837       3       java.awt.Component::getTreeLock (4 bytes)
Event: 0.523 Thread 0x000001dfccc449b0 nmethod 837 0x000001dfb64da790 code [0x000001dfb64da920, 0x000001dfb64daa38]
Event: 0.523 Thread 0x000001dfccc449b0  838       3       java.util.ArrayList::get (15 bytes)
Event: 0.523 Thread 0x000001dfccc449b0 nmethod 838 0x000001dfb64dab10 code [0x000001dfb64dace0, 0x000001dfb64db088]
Event: 0.524 Thread 0x000001dfccc449b0  839       3       java.util.Objects::checkIndex (7 bytes)
Event: 0.524 Thread 0x000001dfccc449b0 nmethod 839 0x000001dfb64db210 code [0x000001dfb64db3c0, 0x000001dfb64db5c8]
Event: 0.524 Thread 0x000001dfccc449b0  840       3       jdk.internal.util.Preconditions::checkIndex (18 bytes)
Event: 0.524 Thread 0x000001dfccc449b0 nmethod 840 0x000001dfb64db710 code [0x000001dfb64db8c0, 0x000001dfb64dba68]
Event: 0.524 Thread 0x000001dfccc449b0  841       3       java.util.ArrayList::elementData (7 bytes)
Event: 0.524 Thread 0x000001dfccc449b0 nmethod 841 0x000001dfb64dbb10 code [0x000001dfb64dbca0, 0x000001dfb64dbdd8]
Event: 0.524 Thread 0x000001dfccc449b0  842       3       java.awt.Component::getContainer (5 bytes)
Event: 0.524 Thread 0x000001dfccc449b0 nmethod 842 0x000001dfb64dbe90 code [0x000001dfb64dc020, 0x000001dfb64dc138]

GC Heap History (0 events):
No events

Deoptimization events (12 events):
Event: 0.197 Thread 0x000001dfaeae16b0 Uncommon trap: trap_request=0xffffff45 fr.pc=0x000001dfbde6eaa0 relative=0x00000000000008c0
Event: 0.197 Thread 0x000001dfaeae16b0 Uncommon trap: reason=unstable_if action=reinterpret pc=0x000001dfbde6eaa0 method=java.util.HashMap.putVal(ILjava/lang/Object;Ljava/lang/Object;ZZ)Ljava/lang/Object; @ 81 c2
Event: 0.197 Thread 0x000001dfaeae16b0 DEOPT PACKING pc=0x000001dfbde6eaa0 sp=0x00000034592fe820
Event: 0.197 Thread 0x000001dfaeae16b0 DEOPT UNPACKING pc=0x000001dfbd9123a3 sp=0x00000034592fe7c0 mode 2
Event: 0.365 Thread 0x000001e0123d8e20 Uncommon trap: trap_request=0xffffff45 fr.pc=0x000001dfbde88274 relative=0x0000000000000254
Event: 0.365 Thread 0x000001e0123d8e20 Uncommon trap: reason=unstable_if action=reinterpret pc=0x000001dfbde88274 method=java.util.HashMap.getNode(Ljava/lang/Object;)Ljava/util/HashMap$Node; @ 85 c2
Event: 0.365 Thread 0x000001e0123d8e20 DEOPT PACKING pc=0x000001dfbde88274 sp=0x000000345a9fda00
Event: 0.365 Thread 0x000001e0123d8e20 DEOPT UNPACKING pc=0x000001dfbd9123a3 sp=0x000000345a9fd970 mode 2
Event: 0.441 Thread 0x000001e012f6c430 Uncommon trap: trap_request=0xffffff45 fr.pc=0x000001dfbde92b9c relative=0x00000000000003fc
Event: 0.441 Thread 0x000001e012f6c430 Uncommon trap: reason=unstable_if action=reinterpret pc=0x000001dfbde92b9c method=java.lang.StringLatin1.newString([BII)Ljava/lang/String; @ 1 c2
Event: 0.441 Thread 0x000001e012f6c430 DEOPT PACKING pc=0x000001dfbde92b9c sp=0x000000345aafe880
Event: 0.441 Thread 0x000001e012f6c430 DEOPT UNPACKING pc=0x000001dfbd9123a3 sp=0x000000345aafe860 mode 2

Classes unloaded (0 events):
No events

Classes redefined (0 events):
No events

Internal exceptions (20 events):
Event: 0.302 Thread 0x000001dfaeae16b0 Exception <a 'java/lang/ClassNotFoundException'{0x0000000089162140}: EditorPane> (0x0000000089162140) 
thrown [s\open\src\hotspot\share\classfile\systemDictionary.cpp, line 256]
Event: 0.303 Thread 0x000001dfaeae16b0 Exception <a 'java/lang/ClassNotFoundException'{0x0000000089162aa0}: ToolBar> (0x0000000089162aa0) 
thrown [s\open\src\hotspot\share\classfile\systemDictionary.cpp, line 256]
Event: 0.303 Thread 0x000001dfaeae16b0 Exception <a 'java/lang/ClassNotFoundException'{0x0000000089162f98}: ToolBar> (0x0000000089162f98) 
thrown [s\open\src\hotspot\share\classfile\systemDictionary.cpp, line 256]
Event: 0.303 Thread 0x000001dfaeae16b0 Exception <a 'java/lang/ClassNotFoundException'{0x00000000891632f8}: Button> (0x00000000891632f8) 
thrown [s\open\src\hotspot\share\classfile\systemDictionary.cpp, line 256]
Event: 0.303 Thread 0x000001dfaeae16b0 Exception <a 'java/lang/ClassNotFoundException'{0x00000000891637c0}: ToolBar> (0x00000000891637c0) 
thrown [s\open\src\hotspot\share\classfile\systemDictionary.cpp, line 256]
Event: 0.303 Thread 0x000001dfaeae16b0 Exception <a 'java/lang/ClassNotFoundException'{0x0000000089163b30}: ToggleButton> (0x0000000089163b30) 
thrown [s\open\src\hotspot\share\classfile\systemDictionary.cpp, line 256]
Event: 0.303 Thread 0x000001dfaeae16b0 Exception <a 'java/lang/ClassNotFoundException'{0x0000000089163f70}: javax/swing/JToolBarSeparator> (0x0000000089163f70) 
thrown [s\open\src\hotspot\share\classfile\systemDictionary.cpp, line 256]
Event: 0.303 Thread 0x000001dfaeae16b0 Exception <a 'java/lang/ClassNotFoundException'{0x0000000089164278}: ToolBarSeparator> (0x0000000089164278) 
thrown [s\open\src\hotspot\share\classfile\systemDictionary.cpp, line 256]
Event: 0.303 Thread 0x000001dfaeae16b0 Exception <a 'java/lang/ClassNotFoundException'{0x0000000089164790}: ToolTip> (0x0000000089164790) 
thrown [s\open\src\hotspot\share\classfile\systemDictionary.cpp, line 256]
Event: 0.304 Thread 0x000001dfaeae16b0 Exception <a 'java/lang/ClassNotFoundException'{0x00000000891650e0}: Tree> (0x00000000891650e0) 
thrown [s\open\src\hotspot\share\classfile\systemDictionary.cpp, line 256]
Event: 0.304 Thread 0x000001dfaeae16b0 Exception <a 'java/lang/ClassNotFoundException'{0x00000000891655d8}: Tree> (0x00000000891655d8) 
thrown [s\open\src\hotspot\share\classfile\systemDictionary.cpp, line 256]
Event: 0.305 Thread 0x000001dfaeae16b0 Exception <a 'java/lang/ClassNotFoundException'{0x0000000089165948}: javax/swing/JTreeCell> (0x0000000089165948) 
thrown [s\open\src\hotspot\share\classfile\systemDictionary.cpp, line 256]
Event: 0.305 Thread 0x000001dfaeae16b0 Exception <a 'java/lang/ClassNotFoundException'{0x0000000089165c48}: TreeCell> (0x0000000089165c48) 
thrown [s\open\src\hotspot\share\classfile\systemDictionary.cpp, line 256]
Event: 0.305 Thread 0x000001dfaeae16b0 Exception <a 'java/lang/ClassNotFoundException'{0x0000000089166408}: RootPane> (0x0000000089166408) 
thrown [s\open\src\hotspot\share\classfile\systemDictionary.cpp, line 256]
Event: 0.307 Thread 0x000001dfaeae16b0 Exception <a 'java/lang/ClassNotFoundException'{0x0000000089169258}: com/sun/swing/internal/plaf/metal/resources/spi/metalProvider> (0x0000000089169258) 
thrown [s\open\src\hotspot\share\classfile\systemDictionary.cpp, line 256]
Event: 0.307 Thread 0x000001dfaeae16b0 Exception <a 'java/lang/ClassNotFoundException'{0x000000008916ce08}: com/sun/swing/internal/plaf/basic/resources/spi/basicProvider> (0x000000008916ce08) 
thrown [s\open\src\hotspot\share\classfile\systemDictionary.cpp, line 256]
Event: 0.333 Thread 0x000001e0123d8e20 Exception <a 'java/lang/ClassNotFoundException'{0x0000000089001970}: com/sun/swing/internal/plaf/synth/resources/spi/synthProvider> (0x0000000089001970) 
thrown [s\open\src\hotspot\share\classfile\systemDictionary.cpp, line 256]
Event: 0.444 Thread 0x000001e012f6c430 Exception <a 'java/lang/NoSuchMethodError'{0x0000000088ff1ee8}: 'java.lang.Object java.lang.invoke.DirectMethodHandle$Holder.newInvokeSpecial(java.lang.Object, java.lang.Object, java.lang.Object, int, int, int, int, int)'> (0x0000000088ff1ee8) 
thrown [s\open\src\hotspot\share\interpreter\linkResolver.cpp, line 759]
Event: 0.493 Thread 0x000001e012301a00 Exception <a 'java/lang/NoSuchMethodError'{0x00000000893fb620}: 'void java.lang.invoke.DirectMethodHandle$Holder.invokeVirtual(java.lang.Object, java.lang.Object)'> (0x00000000893fb620) 
thrown [s\open\src\hotspot\share\interpreter\linkResolver.cpp, line 759]
Event: 0.510 Thread 0x000001e0123d8e20 Exception <a 'java/lang/NoSuchMethodError'{0x0000000088d14610}: 'void java.lang.invoke.DirectMethodHandle$Holder.invokeStaticInit(java.lang.Object)'> (0x0000000088d14610) 
thrown [s\open\src\hotspot\share\interpreter\linkResolver.cpp, line 759]

VM Operations (6 events):
Event: 0.072 Executing VM operation: HandshakeAllThreads
Event: 0.072 Executing VM operation: HandshakeAllThreads done
Event: 0.276 Executing VM operation: HandshakeAllThreads
Event: 0.276 Executing VM operation: HandshakeAllThreads done
Event: 0.500 Executing VM operation: HandshakeAllThreads
Event: 0.500 Executing VM operation: HandshakeAllThreads done

Events (20 events):
Event: 0.526 loading class java/nio/channels/ReadableByteChannel done
Event: 0.526 loading class java/nio/channels/WritableByteChannel
Event: 0.526 loading class java/nio/channels/WritableByteChannel done
Event: 0.526 loading class java/nio/channels/ByteChannel done
Event: 0.526 loading class java/nio/channels/SeekableByteChannel done
Event: 0.526 loading class java/nio/channels/GatheringByteChannel
Event: 0.526 loading class java/nio/channels/GatheringByteChannel done
Event: 0.526 loading class java/nio/channels/ScatteringByteChannel
Event: 0.526 loading class java/nio/channels/ScatteringByteChannel done
Event: 0.526 loading class java/nio/channels/spi/AbstractInterruptibleChannel
Event: 0.526 loading class java/nio/channels/InterruptibleChannel
Event: 0.526 loading class java/nio/channels/InterruptibleChannel done
Event: 0.526 loading class java/nio/channels/spi/AbstractInterruptibleChannel done
Event: 0.526 loading class java/nio/channels/FileChannel done
Event: 0.526 loading class sun/nio/ch/FileChannelImpl done
Event: 0.527 loading class sun/nio/ch/IOUtil
Event: 0.527 loading class sun/nio/ch/IOUtil done
Event: 0.527 loading class sun/nio/ch/NativeThreadSet
Event: 0.527 loading class sun/nio/ch/NativeThreadSet done
Event: 0.528 loading class sun/nio/ch/FileDispatcherImpl


Dynamic libraries:
0x00007ff787ce0000 - 0x00007ff787cf0000 	C:\Program Files\Java\jdk-17\bin\java.exe
0x00007ffe9a7c0000 - 0x00007ffe9a9c9000 	C:\Windows\SYSTEM32\ntdll.dll
0x00007ffe71d70000 - 0x00007ffe71d89000 	C:\Program Files\Avast Software\Avast\aswhook.dll
0x00007ffe99160000 - 0x00007ffe9921d000 	C:\Windows\System32\KERNEL32.DLL
0x00007ffe97f80000 - 0x00007ffe982f4000 	C:\Windows\System32\KERNELBASE.dll
0x00007ffe97e60000 - 0x00007ffe97f71000 	C:\Windows\System32\ucrtbase.dll
0x00007ffe95110000 - 0x00007ffe9512b000 	C:\Program Files\Java\jdk-17\bin\VCRUNTIME140.dll
0x00007ffe8f190000 - 0x00007ffe8f1a9000 	C:\Program Files\Java\jdk-17\bin\jli.dll
0x00007ffe99740000 - 0x00007ffe997ee000 	C:\Windows\System32\ADVAPI32.dll
0x00007ffe99560000 - 0x00007ffe99603000 	C:\Windows\System32\msvcrt.dll
0x00007ffe988b0000 - 0x00007ffe9894e000 	C:\Windows\System32\sechost.dll
0x00007ffe99040000 - 0x00007ffe99160000 	C:\Windows\System32\RPCRT4.dll
0x00007ffe98700000 - 0x00007ffe988ac000 	C:\Windows\System32\USER32.dll
0x00007ffe984c0000 - 0x00007ffe984e6000 	C:\Windows\System32\win32u.dll
0x00007ffe7c1a0000 - 0x00007ffe7c445000 	C:\Windows\WinSxS\amd64_microsoft.windows.common-controls_6595b64144ccf1df_6.0.22000.120_none_9d947278b86cc467\COMCTL32.dll
0x00007ffe98c90000 - 0x00007ffe98cb9000 	C:\Windows\System32\GDI32.dll
0x00007ffe983a0000 - 0x00007ffe984b2000 	C:\Windows\System32\gdi32full.dll
0x00007ffe98300000 - 0x00007ffe9839d000 	C:\Windows\System32\msvcp_win.dll
0x00007ffe91640000 - 0x00007ffe9164a000 	C:\Windows\SYSTEM32\VERSION.dll
0x00007ffe99610000 - 0x00007ffe99641000 	C:\Windows\System32\IMM32.DLL
0x00007ffe944d0000 - 0x00007ffe944dc000 	C:\Program Files\Java\jdk-17\bin\vcruntime140_1.dll
0x00007ffe6a0a0000 - 0x00007ffe6a12e000 	C:\Program Files\Java\jdk-17\bin\msvcp140.dll
0x00007ffe37050000 - 0x00007ffe37c31000 	C:\Program Files\Java\jdk-17\bin\server\jvm.dll
0x00007ffe99730000 - 0x00007ffe99738000 	C:\Windows\System32\PSAPI.DLL
0x00007ffe8a0d0000 - 0x00007ffe8a0d9000 	C:\Windows\SYSTEM32\WSOCK32.dll
0x00007ffe91fb0000 - 0x00007ffe91fe3000 	C:\Windows\SYSTEM32\WINMM.dll
0x00007ffe994f0000 - 0x00007ffe9955f000 	C:\Windows\System32\WS2_32.dll
0x00007ffe95dc0000 - 0x00007ffe95dd8000 	C:\Windows\SYSTEM32\kernel.appcore.dll
0x00007ffe944c0000 - 0x00007ffe944ca000 	C:\Program Files\Java\jdk-17\bin\jimage.dll
0x00007ffe92220000 - 0x00007ffe92441000 	C:\Windows\SYSTEM32\DBGHELP.DLL
0x00007ffe8f7e0000 - 0x00007ffe8f811000 	C:\Windows\SYSTEM32\dbgcore.DLL
0x00007ffe97cb0000 - 0x00007ffe97d2f000 	C:\Windows\System32\bcryptPrimitives.dll
0x00007ffe92870000 - 0x00007ffe92895000 	C:\Program Files\Java\jdk-17\bin\java.dll
0x00007ffe739b0000 - 0x00007ffe73a87000 	C:\Program Files\Java\jdk-17\bin\jsvml.dll
0x00007ffe99fd0000 - 0x00007ffe9a77e000 	C:\Windows\System32\SHELL32.dll
0x00007ffe95f50000 - 0x00007ffe967b7000 	C:\Windows\SYSTEM32\windows.storage.dll
0x00007ffe98cc0000 - 0x00007ffe99038000 	C:\Windows\System32\combase.dll
0x00007ffe95de0000 - 0x00007ffe95f46000 	C:\Windows\SYSTEM32\wintypes.dll
0x00007ffe98950000 - 0x00007ffe98a3a000 	C:\Windows\System32\SHCORE.dll
0x00007ffe986a0000 - 0x00007ffe986fd000 	C:\Windows\System32\shlwapi.dll
0x00007ffe97be0000 - 0x00007ffe97c01000 	C:\Windows\SYSTEM32\profapi.dll
0x00007ffe8d7d0000 - 0x00007ffe8d7e9000 	C:\Program Files\Java\jdk-17\bin\net.dll
0x00007ffe90f30000 - 0x00007ffe9103c000 	C:\Windows\SYSTEM32\WINHTTP.dll
0x00007ffe972d0000 - 0x00007ffe97337000 	C:\Windows\system32\mswsock.dll
0x00007ffe8aeb0000 - 0x00007ffe8aec6000 	C:\Program Files\Java\jdk-17\bin\nio.dll
0x00007ffe73990000 - 0x00007ffe739a8000 	C:\Program Files\Java\jdk-17\bin\zip.dll
0x00007ffe68f80000 - 0x00007ffe69111000 	C:\Program Files\Java\jdk-17\bin\awt.dll
0x00007ffe99240000 - 0x00007ffe99316000 	C:\Windows\System32\OLEAUT32.dll
0x00007ffe952a0000 - 0x00007ffe95331000 	C:\Windows\SYSTEM32\apphelp.dll
0x00007ffe95450000 - 0x00007ffe954fc000 	C:\Windows\system32\uxtheme.dll
0x00007ffe997f0000 - 0x00007ffe9990e000 	C:\Windows\System32\MSCTF.dll
0x00007ffe999c0000 - 0x00007ffe99b5a000 	C:\Windows\System32\ole32.dll
0x00007ffe95ac0000 - 0x00007ffe95aef000 	C:\Windows\system32\DWMAPI.DLL
0x00007ffe68e70000 - 0x00007ffe68ef7000 	C:\Program Files\Java\jdk-17\bin\freetype.dll
0x00007ffe68530000 - 0x00007ffe68603000 	C:\Program Files\Java\jdk-17\bin\fontmanager.dll
0x00007ffe70810000 - 0x00007ffe70911000 	C:\Windows\system32\opengl32.dll
0x00007ffe6fca0000 - 0x00007ffe6fccd000 	C:\Windows\SYSTEM32\GLU32.dll
0x00007ffe95700000 - 0x00007ffe95738000 	C:\Windows\SYSTEM32\dxcore.dll

dbghelp: loaded successfully - version: 4.0.5 - missing functions: none
symbol engine: initialized successfully - sym options: 0x614 - pdb path: .;C:\Program Files\Java\jdk-17\bin;C:\Windows\SYSTEM32;C:\Program Files\Avast Software\Avast;C:\Windows\WinSxS\amd64_microsoft.windows.common-controls_6595b64144ccf1df_6.0.22000.120_none_9d947278b86cc467;C:\Program Files\Java\jdk-17\bin\server

VM Arguments:
jvm_args: -Dfile.encoding=UTF-8 --module-path=C:\Users\Admin\Documents\New Folder\CCE103JavaProjectSystem\build\classes 
java_command: cce103javaprojectsystem.Dashboard
java_class_path (initial): C:\Program Files\NetBeans-20\netbeans\java\modules\ext\AbsoluteLayout.jar;C:\Users\Admin\Documents\New Folder\CCE103JavaProjectSystem\build\classes
Launcher Type: SUN_STANDARD

[Global flags]
     intx CICompilerCount                          = 4                                         {product} {ergonomic}
     uint ConcGCThreads                            = 2                                         {product} {ergonomic}
     uint G1ConcRefinementThreads                  = 8                                         {product} {ergonomic}
   size_t G1HeapRegionSize                         = 1048576                                   {product} {ergonomic}
    uintx GCDrainStackTargetSize                   = 64                                        {product} {ergonomic}
   size_t InitialHeapSize                          = 134217728                                 {product} {ergonomic}
   size_t MarkStackSize                            = 4194304                                   {product} {ergonomic}
   size_t MaxHeapSize                              = 2124414976                                {product} {ergonomic}
   size_t MaxNewSize                               = 1274019840                                {product} {ergonomic}
   size_t MinHeapDeltaBytes                        = 1048576                                   {product} {ergonomic}
   size_t MinHeapSize                              = 8388608                                   {product} {ergonomic}
    uintx NonNMethodCodeHeapSize                   = 5839372                                {pd product} {ergonomic}
    uintx NonProfiledCodeHeapSize                  = 122909434                              {pd product} {ergonomic}
    uintx ProfiledCodeHeapSize                     = 122909434                              {pd product} {ergonomic}
    uintx ReservedCodeCacheSize                    = 251658240                              {pd product} {ergonomic}
     bool SegmentedCodeCache                       = true                                      {product} {ergonomic}
   size_t SoftMaxHeapSize                          = 2124414976                             {manageable} {ergonomic}
     bool UseCompressedClassPointers               = true                           {product lp64_product} {ergonomic}
     bool UseCompressedOops                        = true                           {product lp64_product} {ergonomic}
     bool UseG1GC                                  = true                                      {product} {ergonomic}
     bool UseLargePagesIndividualAllocation        = false                                  {pd product} {ergonomic}

Logging:
Log output configuration:
 #0: stdout all=warning uptime,level,tags
 #1: stderr all=off uptime,level,tags

Environment Variables:
PATH=C:\Program Files\Common Files\Oracle\Java\javapath;C:\Windows\system32;C:\Windows;C:\Windows\System32\Wbem;C:\Windows\System32\WindowsPowerShell\v1.0\;C:\Windows\System32\OpenSSH\;C:\Program Files\Git\cmd;C:\Users\Admin\AppData\Local\Microsoft\WindowsApps;C:\Users\Admin\AppData\Local\Programs\Microsoft VS Code\bin
USERNAME=Admin
OS=Windows_NT
PROCESSOR_IDENTIFIER=Intel64 Family 6 Model 142 Stepping 10, GenuineIntel



---------------  S Y S T E M  ---------------

OS:
 Windows 11 , 64 bit Build 22000 (10.0.22000.434)
OS uptime: 0 days 0:31 hours

CPU: total 8 (initial active 8) (4 cores per cpu, 2 threads per core) family 6 model 142 stepping 10 microcode 0xe0, cx8, cmov, fxsr, ht, mmx, 3dnowpref, sse, sse2, sse3, ssse3, sse4.1, sse4.2, popcnt, lzcnt, tsc, tscinvbit, avx, avx2, aes, erms, clmul, bmi1, bmi2, adx, fma, vzeroupper, clflush, clflushopt

Memory: 4k page, system-wide physical 8101M (1625M free)
TotalPageFile size 8101M (AvailPageFile size 5M)
current process WorkingSet (physical memory assigned to process): 62M, peak: 62M
current process commit charge ("private bytes"): 226M, peak: 226M

vm_info: Java HotSpot(TM) 64-Bit Server VM (17.0.9+11-LTS-201) for windows-amd64 JRE (17.0.9+11-LTS-201), built on Oct 10 2023 23:16:06 by "mach5one" with MS VC++ 17.1 (VS2022)

END.
