#
# There is insufficient memory for the Java Runtime Environment to continue.
# Native memory allocation (mmap) failed to map 134217728 bytes for G1 virtual space
# Possible reasons:
#   The system is out of physical RAM or swap space
#   The process is running with CompressedOops enabled, and the Java Heap may be blocking the growth of the native heap
# Possible solutions:
#   Reduce memory load on the system
#   Increase physical memory or swap space
#   Check if swap backing store is full
#   Decrease Java heap size (-Xmx/-Xms)
#   Decrease number of Java threads
#   Decrease Java thread stack sizes (-Xss)
#   Set larger code cache with -XX:ReservedCodeCacheSize=
#   JVM is running with Unscaled Compressed Oops mode in which the Java heap is
#     placed in the first 4GB address space. The Java Heap base address is the
#     maximum limit for the native heap growth. Please use -XX:HeapBaseMinAddress
#     to set the Java Heap base and to place the Java Heap above 4GB virtual address.
# This output file may be truncated or incomplete.
#
#  Out of Memory Error (os_windows.cpp:3552), pid=1744, tid=11952
#
# JRE version:  (17.0.9+11) (build )
# Java VM: Java HotSpot(TM) 64-Bit Server VM (17.0.9+11-LTS-201, mixed mode, sharing, tiered, compressed oops, compressed class ptrs, g1 gc, windows-amd64)
# No core dump will be written. Minidumps are not enabled by default on client versions of Windows
#

---------------  S U M M A R Y ------------

Command Line: -Dfile.encoding=UTF-8 --module-path=C:\Users\Admin\Documents\New Folder\CCE103JavaProjectSystem\build\classes cce103javaprojectsystem.Dashboard

Host: Intel(R) Core(TM) i5-8250U CPU @ 1.60GHz, 8 cores, 7G,  Windows 11 , 64 bit Build 22000 (10.0.22000.434)
Time: Sun Feb 11 17:30:31 2024 Mountain Standard Time elapsed time: 0.009166 seconds (0d 0h 0m 0s)

---------------  T H R E A D  ---------------

Current thread (0x000001c05b02a8a0):  JavaThread "Unknown thread" [_thread_in_vm, id=11952, stack(0x000000a7c8100000,0x000000a7c8200000)]

Stack: [0x000000a7c8100000,0x000000a7c8200000]
Native frames: (J=compiled Java code, j=interpreted, Vv=VM code, C=native code)
V  [jvm.dll+0x678a4a]
V  [jvm.dll+0x7d9cfd]
V  [jvm.dll+0x7db60e]
V  [jvm.dll+0x7dbc73]
V  [jvm.dll+0x245e1f]
V  [jvm.dll+0x6758f9]
V  [jvm.dll+0x66a2a2]
V  [jvm.dll+0x303686]
V  [jvm.dll+0x30ac06]
V  [jvm.dll+0x35a48e]
V  [jvm.dll+0x35a6bf]
V  [jvm.dll+0x2da678]
V  [jvm.dll+0x2db5e4]
V  [jvm.dll+0x7ab6b1]
V  [jvm.dll+0x368041]
V  [jvm.dll+0x78a749]
V  [jvm.dll+0x3ebd4f]
V  [jvm.dll+0x3ed7d1]
C  [jli.dll+0x5297]
C  [ucrtbase.dll+0x26c0c]
C  [KERNEL32.DLL+0x154e0]
C  [ntdll.dll+0x485b]


---------------  P R O C E S S  ---------------

Threads class SMR info:
_java_thread_list=0x00007ffdeb4789d8, length=0, elements={
}

Java Threads: ( => current thread )

Other Threads:
  0x000001c05b080d30 GCTaskThread "GC Thread#0" [stack: 0x000000a7c8200000,0x000000a7c8300000] [id=2920]
  0x000001c05b0918a0 ConcurrentGCThread "G1 Main Marker" [stack: 0x000000a7c8300000,0x000000a7c8400000] [id=3452]
  0x000001c05b092860 ConcurrentGCThread "G1 Conc#0" [stack: 0x000000a7c8400000,0x000000a7c8500000] [id=8636]

[error occurred during error reporting (printing all threads), id 0xc0000005, EXCEPTION_ACCESS_VIOLATION (0xc0000005) at pc=0x00007ffdeacab2d7]

VM state: not at safepoint (not fully initialized)

VM Mutex/Monitor currently owned by a thread:  ([mutex/lock_event])
[0x000001c05b027a70] Heap_lock - owner thread: 0x000001c05b02a8a0

Heap address: 0x0000000081600000, size: 2026 MB, Compressed Oops mode: 32-bit

CDS archive(s) mapped at: [0x0000000000000000-0x0000000000000000-0x0000000000000000), size 0, SharedBaseAddress: 0x0000000800000000, ArchiveRelocationMode: 1.
Narrow klass base: 0x0000000000000000, Narrow klass shift: 0, Narrow klass range: 0x0

GC Precious Log:
<Empty>

Heap:
 garbage-first heap   total 0K, used 0K [0x0000000081600000, 0x0000000100000000)
  region size 1024K, 0 young (0K), 0 survivors (0K)

[error occurred during error reporting (printing heap information), id 0xc0000005, EXCEPTION_ACCESS_VIOLATION (0xc0000005) at pc=0x00007ffdeb092229]

GC Heap History (0 events):
No events

Deoptimization events (0 events):
No events

Classes unloaded (0 events):
No events

Classes redefined (0 events):
No events

Internal exceptions (0 events):
No events

VM Operations (0 events):
No events

Events (1 events):
Event: 0.006 Loaded shared library C:\Program Files\Java\jdk-17\bin\java.dll


Dynamic libraries:
0x00007ff7ba450000 - 0x00007ff7ba460000 	C:\Program Files\Java\jdk-17\bin\java.exe
0x00007ffe750c0000 - 0x00007ffe752c9000 	C:\Windows\SYSTEM32\ntdll.dll
0x00007ffe45fd0000 - 0x00007ffe45fe9000 	C:\Program Files\Avast Software\Avast\aswhook.dll
0x00007ffe74930000 - 0x00007ffe749ed000 	C:\Windows\System32\KERNEL32.DLL
0x00007ffe72930000 - 0x00007ffe72ca4000 	C:\Windows\System32\KERNELBASE.dll
0x00007ffe72e40000 - 0x00007ffe72f51000 	C:\Windows\System32\ucrtbase.dll
0x00007ffe67b00000 - 0x00007ffe67b1b000 	C:\Program Files\Java\jdk-17\bin\VCRUNTIME140.dll
0x00007ffe40f90000 - 0x00007ffe40fa9000 	C:\Program Files\Java\jdk-17\bin\jli.dll
0x00007ffe74a00000 - 0x00007ffe74aae000 	C:\Windows\System32\ADVAPI32.dll
0x00007ffe73f00000 - 0x00007ffe73fa3000 	C:\Windows\System32\msvcrt.dll
0x00007ffe73fd0000 - 0x00007ffe7406e000 	C:\Windows\System32\sechost.dll
0x00007ffe74c60000 - 0x00007ffe74d80000 	C:\Windows\System32\RPCRT4.dll
0x00007ffe74ab0000 - 0x00007ffe74c5c000 	C:\Windows\System32\USER32.dll
0x00007ffe56580000 - 0x00007ffe56825000 	C:\Windows\WinSxS\amd64_microsoft.windows.common-controls_6595b64144ccf1df_6.0.22000.120_none_9d947278b86cc467\COMCTL32.dll
0x00007ffe727e0000 - 0x00007ffe72806000 	C:\Windows\System32\win32u.dll
0x00007ffe731a0000 - 0x00007ffe731c9000 	C:\Windows\System32\GDI32.dll
0x00007ffe72cb0000 - 0x00007ffe72dc2000 	C:\Windows\System32\gdi32full.dll
0x00007ffe72890000 - 0x00007ffe7292d000 	C:\Windows\System32\msvcp_win.dll
0x00007ffe6d4b0000 - 0x00007ffe6d4ba000 	C:\Windows\SYSTEM32\VERSION.dll
0x00007ffe74d90000 - 0x00007ffe74dc1000 	C:\Windows\System32\IMM32.DLL
0x00007ffe6b220000 - 0x00007ffe6b22c000 	C:\Program Files\Java\jdk-17\bin\vcruntime140_1.dll
0x00007ffe0ffe0000 - 0x00007ffe1006e000 	C:\Program Files\Java\jdk-17\bin\msvcp140.dll
0x00007ffdea9c0000 - 0x00007ffdeb5a1000 	C:\Program Files\Java\jdk-17\bin\server\jvm.dll
0x00007ffe749f0000 - 0x00007ffe749f8000 	C:\Windows\System32\PSAPI.DLL
0x00007ffe6cc10000 - 0x00007ffe6cc43000 	C:\Windows\SYSTEM32\WINMM.dll
0x00007ffe65940000 - 0x00007ffe65949000 	C:\Windows\SYSTEM32\WSOCK32.dll
0x00007ffe74080000 - 0x00007ffe740ef000 	C:\Windows\System32\WS2_32.dll
0x00007ffe70560000 - 0x00007ffe70578000 	C:\Windows\SYSTEM32\kernel.appcore.dll
0x00007ffe6ac30000 - 0x00007ffe6ac3a000 	C:\Program Files\Java\jdk-17\bin\jimage.dll
0x00007ffe6d0d0000 - 0x00007ffe6d2f1000 	C:\Windows\SYSTEM32\DBGHELP.DLL
0x00007ffe6b0e0000 - 0x00007ffe6b111000 	C:\Windows\SYSTEM32\dbgcore.DLL
0x00007ffe72810000 - 0x00007ffe7288f000 	C:\Windows\System32\bcryptPrimitives.dll
0x00007ffe45d40000 - 0x00007ffe45d65000 	C:\Program Files\Java\jdk-17\bin\java.dll

dbghelp: loaded successfully - version: 4.0.5 - missing functions: none
symbol engine: initialized successfully - sym options: 0x614 - pdb path: .;C:\Program Files\Java\jdk-17\bin;C:\Windows\SYSTEM32;C:\Program Files\Avast Software\Avast;C:\Windows\WinSxS\amd64_microsoft.windows.common-controls_6595b64144ccf1df_6.0.22000.120_none_9d947278b86cc467;C:\Program Files\Java\jdk-17\bin\server

VM Arguments:
jvm_args: -Dfile.encoding=UTF-8 --module-path=C:\Users\Admin\Documents\New Folder\CCE103JavaProjectSystem\build\classes 
java_command: cce103javaprojectsystem.Dashboard
java_class_path (initial): C:\Program Files\NetBeans-20\netbeans\java\modules\ext\AbsoluteLayout.jar;C:\Users\Admin\Documents\New Folder\CCE103JavaProjectSystem\build\classes
Launcher Type: SUN_STANDARD

[Global flags]
     intx CICompilerCount                          = 4                                         {product} {ergonomic}
     uint ConcGCThreads                            = 2                                         {product} {ergonomic}
     uint G1ConcRefinementThreads                  = 8                                         {product} {ergonomic}
   size_t G1HeapRegionSize                         = 1048576                                   {product} {ergonomic}
    uintx GCDrainStackTargetSize                   = 64                                        {product} {ergonomic}
   size_t InitialHeapSize                          = 134217728                                 {product} {ergonomic}
   size_t MarkStackSize                            = 4194304                                   {product} {ergonomic}
   size_t MaxHeapSize                              = 2124414976                                {product} {ergonomic}
   size_t MinHeapDeltaBytes                        = 1048576                                   {product} {ergonomic}
   size_t MinHeapSize                              = 8388608                                   {product} {ergonomic}
    uintx NonNMethodCodeHeapSize                   = 5839372                                {pd product} {ergonomic}
    uintx NonProfiledCodeHeapSize                  = 122909434                              {pd product} {ergonomic}
    uintx ProfiledCodeHeapSize                     = 122909434                              {pd product} {ergonomic}
    uintx ReservedCodeCacheSize                    = 251658240                              {pd product} {ergonomic}
     bool SegmentedCodeCache                       = true                                      {product} {ergonomic}
   size_t SoftMaxHeapSize                          = 2124414976                             {manageable} {ergonomic}
     bool UseCompressedClassPointers               = true                           {product lp64_product} {ergonomic}
     bool UseCompressedOops                        = true                           {product lp64_product} {ergonomic}
     bool UseG1GC                                  = true                                      {product} {ergonomic}
     bool UseLargePagesIndividualAllocation        = false                                  {pd product} {ergonomic}

Logging:
Log output configuration:
 #0: stdout all=warning uptime,level,tags
 #1: stderr all=off uptime,level,tags

Environment Variables:
PATH=C:\Program Files\Common Files\Oracle\Java\javapath;C:\Windows\system32;C:\Windows;C:\Windows\System32\Wbem;C:\Windows\System32\WindowsPowerShell\v1.0\;C:\Windows\System32\OpenSSH\;C:\Program Files\Git\cmd;C:\Users\Admin\AppData\Local\Microsoft\WindowsApps;C:\Users\Admin\AppData\Local\Programs\Microsoft VS Code\bin
USERNAME=Admin
OS=Windows_NT
PROCESSOR_IDENTIFIER=Intel64 Family 6 Model 142 Stepping 10, GenuineIntel



---------------  S Y S T E M  ---------------

OS:
 Windows 11 , 64 bit Build 22000 (10.0.22000.434)
OS uptime: 0 days 0:21 hours

CPU: total 8 (initial active 8) (4 cores per cpu, 2 threads per core) family 6 model 142 stepping 10 microcode 0xe0, cx8, cmov, fxsr, ht, mmx, 3dnowpref, sse, sse2, sse3, ssse3, sse4.1, sse4.2, popcnt, lzcnt, tsc, tscinvbit, avx, avx2, aes, erms, clmul, bmi1, bmi2, adx, fma, vzeroupper, clflush, clflushopt

Memory: 4k page, system-wide physical 8101M (1655M free)
TotalPageFile size 8101M (AvailPageFile size 58M)
current process WorkingSet (physical memory assigned to process): 10M, peak: 10M
current process commit charge ("private bytes"): 60M, peak: 188M

vm_info: Java HotSpot(TM) 64-Bit Server VM (17.0.9+11-LTS-201) for windows-amd64 JRE (17.0.9+11-LTS-201), built on Oct 10 2023 23:16:06 by "mach5one" with MS VC++ 17.1 (VS2022)

END.
